<?xml version="1.0" encoding="UTF-8"?>
<testsuite name="basetest"
           tests="2"
           failures="0"
           errors="0"
           skipped="0"
           time="5.743">
    <properties></properties>



            <testcase
                name="loginAdmin"
                time="0.913"
                classname="tests.Test_Latihan3">
            </testcase>
            <testcase
                name="navbar"
                time="4.830"
                classname="tests.Test_Latihan3">
            </testcase>
</testsuite>
